<?xml version="1.0" encoding="UTF-8"?>
<!-- Generated by org.testng.reporters.JUnitXMLReporter -->
<testsuite hostname="desktop-0151" name="Command line test" tests="4" failures="0" timestamp="30 Sep 2014 13:56:16 GMT" time="0.026" errors="0">
  <testcase name="getAdjacentTest" time="0.008" classname="org.jbbouille.mine.core.GridTest"/>
  <testcase name="revealTest" time="0.001" classname="org.jbbouille.mine.core.GridTest"/>
  <testcase name="setBombTest" time="0.003" classname="org.jbbouille.mine.core.GridTest"/>
  <testcase name="setValuesTest" time="0.0" classname="org.jbbouille.mine.core.GridTest"/>
</testsuite> <!-- Command line test -->
